<?xml version="1.0" encoding="UTF-8"?>
<testng-results ignored="0" total="1" passed="0" failed="1" skipped="0">
  <reporter-output>
    <line>
      <![CDATA[Create driver: chrome]]>
    </line>
    <line>
      <![CDATA[Opening page: https://eu.wahoofitness.com/]]>
    </line>
    <line>
      <![CDATA[Page opened!]]>
    </line>
    <line>
      <![CDATA[User does not need to select a color.]]>
    </line>
    <line>
      <![CDATA[User does not need to select a color.]]>
    </line>
  </reporter-output>
  <suite started-at="2021-05-28T16:55:22 CEST" name="Default suite" finished-at="2021-05-28T16:55:55 CEST" duration-ms="32819">
    <groups>
    </groups>
    <test started-at="2021-05-28T16:55:22 CEST" name="Default test" finished-at="2021-05-28T16:55:55 CEST" duration-ms="32819">
      <class name="com.wahooFitness.eu.automationTest.AutomationTest">
        <test-method is-config="true" signature="setup(java.lang.String)[pri:0, instance:com.wahooFitness.eu.automationTest.AutomationTest@4944252c]" started-at="2021-05-28T16:55:22 CEST" name="setup" finished-at="2021-05-28T16:55:24 CEST" duration-ms="1917" status="PASS">
          <params>
            <param index="0">
              <value>
                <![CDATA[chrome]]>
              </value>
            </param>
          </params>
          <reporter-output>
            <line>
              <![CDATA[Create driver: chrome]]>
            </line>
          </reporter-output>
        </test-method> <!-- setup -->
        <test-method signature="method()[pri:0, instance:com.wahooFitness.eu.automationTest.AutomationTest@4944252c]" started-at="2021-05-28T16:55:24 CEST" name="method" finished-at="2021-05-28T16:55:55 CEST" duration-ms="30852" status="FAIL">
          <exception class="java.lang.AssertionError">
            <message>
              <![CDATA[expected [40.98] but found [39.98]]]>
            </message>
            <full-stacktrace>
              <![CDATA[java.lang.AssertionError: expected [40.98] but found [39.98]
at org.testng.Assert.fail(Assert.java:99)
at org.testng.Assert.failNotEquals(Assert.java:1037)
at org.testng.Assert.assertEquals(Assert.java:774)
at org.testng.Assert.assertEquals(Assert.java:785)
at com.wahooFitness.eu.automationTest.AutomationTest.method(AutomationTest.java:60)
at java.base/jdk.internal.reflect.NativeMethodAccessorImpl.invoke0(Native Method)
at java.base/jdk.internal.reflect.NativeMethodAccessorImpl.invoke(NativeMethodAccessorImpl.java:62)
at java.base/jdk.internal.reflect.DelegatingMethodAccessorImpl.invoke(DelegatingMethodAccessorImpl.java:43)
at java.base/java.lang.reflect.Method.invoke(Method.java:566)
at org.testng.internal.MethodInvocationHelper.invokeMethod(MethodInvocationHelper.java:133)
at org.testng.internal.TestInvoker.invokeMethod(TestInvoker.java:598)
at org.testng.internal.TestInvoker.invokeTestMethod(TestInvoker.java:173)
at org.testng.internal.MethodRunner.runInSequence(MethodRunner.java:46)
at org.testng.internal.TestInvoker$MethodInvocationAgent.invoke(TestInvoker.java:824)
at org.testng.internal.TestInvoker.invokeTestMethods(TestInvoker.java:146)
at org.testng.internal.TestMethodWorker.invokeTestMethods(TestMethodWorker.java:146)
at org.testng.internal.TestMethodWorker.run(TestMethodWorker.java:128)
at java.base/java.util.ArrayList.forEach(ArrayList.java:1540)
at org.testng.TestRunner.privateRun(TestRunner.java:794)
at org.testng.TestRunner.run(TestRunner.java:596)
at org.testng.SuiteRunner.runTest(SuiteRunner.java:377)
at org.testng.SuiteRunner.runSequentially(SuiteRunner.java:371)
at org.testng.SuiteRunner.privateRun(SuiteRunner.java:332)
at org.testng.SuiteRunner.run(SuiteRunner.java:276)
at org.testng.SuiteRunnerWorker.runSuite(SuiteRunnerWorker.java:53)
at org.testng.SuiteRunnerWorker.run(SuiteRunnerWorker.java:96)
at org.testng.TestNG.runSuitesSequentially(TestNG.java:1212)
at org.testng.TestNG.runSuitesLocally(TestNG.java:1134)
at org.testng.TestNG.runSuites(TestNG.java:1063)
at org.testng.TestNG.run(TestNG.java:1031)
at org.testng.remote.AbstractRemoteTestNG.run(AbstractRemoteTestNG.java:115)
at org.testng.remote.RemoteTestNG.initAndRun(RemoteTestNG.java:251)
at org.testng.remote.RemoteTestNG.main(RemoteTestNG.java:77)
]]>
            </full-stacktrace>
          </exception> <!-- java.lang.AssertionError -->
          <reporter-output>
            <line>
              <![CDATA[Opening page: https://eu.wahoofitness.com/]]>
            </line>
            <line>
              <![CDATA[Page opened!]]>
            </line>
            <line>
              <![CDATA[User does not need to select a color.]]>
            </line>
            <line>
              <![CDATA[User does not need to select a color.]]>
            </line>
          </reporter-output>
        </test-method> <!-- method -->
        <test-method is-config="true" signature="tearDown()[pri:0, instance:com.wahooFitness.eu.automationTest.AutomationTest@4944252c]" started-at="2021-05-28T16:55:55 CEST" name="tearDown" finished-at="2021-05-28T16:55:55 CEST" duration-ms="0" status="PASS">
          <reporter-output>
          </reporter-output>
        </test-method> <!-- tearDown -->
      </class> <!-- com.wahooFitness.eu.automationTest.AutomationTest -->
    </test> <!-- Default test -->
  </suite> <!-- Default suite -->
</testng-results>
